# JRE version: Java(TM) SE Runtime Environment (7.0_55-b13) (build 1.7.0_55-b13)
# Java VM: Java HotSpot(TM) 64-Bit Server VM (24.55-b03 mixed mode linux-amd64 compressed oops)
Heap
 PSYoungGen      total 38912K, used 9295K [0x00000000ebe00000, 0x00000000eeb00000, 0x0000000100000000)
  eden space 31744K, 11% used [0x00000000ebe00000,0x00000000ec18e980,0x00000000edd00000)
  from space 7168K, 78% used [0x00000000ee400000,0x00000000ee985490,0x00000000eeb00000)
  to   space 7168K, 0% used [0x00000000edd00000,0x00000000edd00000,0x00000000ee400000)
 ParOldGen       total 40960K, used 11258K [0x00000000c3a00000, 0x00000000c6200000, 0x00000000ebe00000)
  object space 40960K, 27% used [0x00000000c3a00000,0x00000000c44fe818,0x00000000c6200000)
 PSPermGen       total 24576K, used 24502K [0x00000000be800000, 0x00000000c0000000, 0x00000000c3a00000)
  object space 24576K, 99% used [0x00000000be800000,0x00000000bffed828,0x00000000c0000000)
GC Heap History (10 events):
Event: 62,755 GC heap before
{Heap before GC invocations=2 (full 0):
 PSYoungGen      total 18432K, used 18386K [0x00000000ebe00000, 0x00000000ed280000, 0x0000000100000000)
  eden space 15872K, 99% used [0x00000000ebe00000,0x00000000ecd76258,0x00000000ecd80000)
  from space 2560K, 99% used [0x00000000ecd80000,0x00000000ecffe998,0x00000000ed000000)
  to   space 2560K, 0% used [0x00000000ed000000,0x00000000ed000000,0x00000000ed280000)
 ParOldGen       total 40960K, used 2927K [0x00000000c3a00000, 0x00000000c6200000, 0x00000000ebe00000)
  object space 40960K, 7% used [0x00000000c3a00000,0x00000000c3cdbd98,0x00000000c6200000)
 PSPermGen       total 21504K, used 7212K [0x00000000be800000, 0x00000000bfd00000, 0x00000000c3a00000)
  object space 21504K, 33% used [0x00000000be800000,0x00000000bef0b210,0x00000000bfd00000)
Event: 62,766 GC heap after
Heap after GC invocations=2 (full 0):
 PSYoungGen      total 18432K, used 1661K [0x00000000ebe00000, 0x00000000ed280000, 0x0000000100000000)
  eden space 15872K, 0% used [0x00000000ebe00000,0x00000000ebe00000,0x00000000ecd80000)
  from space 2560K, 64% used [0x00000000ed000000,0x00000000ed19f6c0,0x00000000ed280000)
  to   space 2560K, 0% used [0x00000000ecd80000,0x00000000ecd80000,0x00000000ed000000)
 ParOldGen       total 40960K, used 4478K [0x00000000c3a00000, 0x00000000c6200000, 0x00000000ebe00000)
  object space 40960K, 10% used [0x00000000c3a00000,0x00000000c3e5fb98,0x00000000c6200000)
 PSPermGen       total 21504K, used 7212K [0x00000000be800000, 0x00000000bfd00000, 0x00000000c3a00000)
  object space 21504K, 33% used [0x00000000be800000,0x00000000bef0b210,0x00000000bfd00000)
}
Event: 63,941 GC heap before
{Heap before GC invocations=3 (full 0):
 PSYoungGen      total 18432K, used 17533K [0x00000000ebe00000, 0x00000000ed280000, 0x0000000100000000)
  eden space 15872K, 100% used [0x00000000ebe00000,0x00000000ecd80000,0x00000000ecd80000)
  from space 2560K, 64% used [0x00000000ed000000,0x00000000ed19f6c0,0x00000000ed280000)
  to   space 2560K, 0% used [0x00000000ecd80000,0x00000000ecd80000,0x00000000ed000000)
 ParOldGen       total 40960K, used 4478K [0x00000000c3a00000, 0x00000000c6200000, 0x00000000ebe00000)
  object space 40960K, 10% used [0x00000000c3a00000,0x00000000c3e5fb98,0x00000000c6200000)
 PSPermGen       total 21504K, used 13527K [0x00000000be800000, 0x00000000bfd00000, 0x00000000c3a00000)
  object space 21504K, 62% used [0x00000000be800000,0x00000000bf535da0,0x00000000bfd00000)
Event: 63,958 GC heap after
Heap after GC invocations=3 (full 0):
 PSYoungGen      total 18432K, used 2548K [0x00000000ebe00000, 0x00000000ed280000, 0x0000000100000000)
  eden space 15872K, 0% used [0x00000000ebe00000,0x00000000ebe00000,0x00000000ecd80000)
  from space 2560K, 99% used [0x00000000ecd80000,0x00000000ecffd2f8,0x00000000ed000000)
  to   space 2560K, 0% used [0x00000000ed000000,0x00000000ed000000,0x00000000ed280000)
 ParOldGen       total 40960K, used 5969K [0x00000000c3a00000, 0x00000000c6200000, 0x00000000ebe00000)
  object space 40960K, 14% used [0x00000000c3a00000,0x00000000c3fd4518,0x00000000c6200000)
 PSPermGen       total 21504K, used 13527K [0x00000000be800000, 0x00000000bfd00000, 0x00000000c3a00000)
  object space 21504K, 62% used [0x00000000be800000,0x00000000bf535da0,0x00000000bfd00000)
}
Event: 65,558 GC heap before
{Heap before GC invocations=4 (full 0):
 PSYoungGen      total 18432K, used 18420K [0x00000000ebe00000, 0x00000000ed280000, 0x0000000100000000)
  eden space 15872K, 100% used [0x00000000ebe00000,0x00000000ecd80000,0x00000000ecd80000)
  from space 2560K, 99% used [0x00000000ecd80000,0x00000000ecffd2f8,0x00000000ed000000)
  to   space 2560K, 0% used [0x00000000ed000000,0x00000000ed000000,0x00000000ed280000)
 ParOldGen       total 40960K, used 5969K [0x00000000c3a00000, 0x00000000c6200000, 0x00000000ebe00000)
  object space 40960K, 14% used [0x00000000c3a00000,0x00000000c3fd4518,0x00000000c6200000)
 PSPermGen       total 21504K, used 17890K [0x00000000be800000, 0x00000000bfd00000, 0x00000000c3a00000)
  object space 21504K, 83% used [0x00000000be800000,0x00000000bf978ac8,0x00000000bfd00000)
Event: 65,594 GC heap after
Heap after GC invocations=4 (full 0):
 PSYoungGen      total 18432K, used 2529K [0x00000000ebe00000, 0x00000000ed280000, 0x0000000100000000)
  eden space 15872K, 0% used [0x00000000ebe00000,0x00000000ebe00000,0x00000000ecd80000)
  from space 2560K, 98% used [0x00000000ed000000,0x00000000ed278760,0x00000000ed280000)
  to   space 2560K, 0% used [0x00000000ecd80000,0x00000000ecd80000,0x00000000ed000000)
 ParOldGen       total 40960K, used 9293K [0x00000000c3a00000, 0x00000000c6200000, 0x00000000ebe00000)
  object space 40960K, 22% used [0x00000000c3a00000,0x00000000c4313660,0x00000000c6200000)
 PSPermGen       total 21504K, used 17890K [0x00000000be800000, 0x00000000bfd00000, 0x00000000c3a00000)
  object space 21504K, 83% used [0x00000000be800000,0x00000000bf978ac8,0x00000000bfd00000)
}
Event: 66,602 GC heap before
{Heap before GC invocations=5 (full 0):
 PSYoungGen      total 18432K, used 18401K [0x00000000ebe00000, 0x00000000ed280000, 0x0000000100000000)
  eden space 15872K, 100% used [0x00000000ebe00000,0x00000000ecd80000,0x00000000ecd80000)
  from space 2560K, 98% used [0x00000000ed000000,0x00000000ed278760,0x00000000ed280000)
  to   space 2560K, 0% used [0x00000000ecd80000,0x00000000ecd80000,0x00000000ed000000)
 ParOldGen       total 40960K, used 9293K [0x00000000c3a00000, 0x00000000c6200000, 0x00000000ebe00000)
  object space 40960K, 22% used [0x00000000c3a00000,0x00000000c4313660,0x00000000c6200000)
 PSPermGen       total 21504K, used 21102K [0x00000000be800000, 0x00000000bfd00000, 0x00000000c3a00000)
  object space 21504K, 98% used [0x00000000be800000,0x00000000bfc9b9a0,0x00000000bfd00000)
Event: 66,630 GC heap after
Heap after GC invocations=5 (full 0):
 PSYoungGen      total 18432K, used 2550K [0x00000000ebe00000, 0x00000000eeb00000, 0x0000000100000000)
  eden space 15872K, 0% used [0x00000000ebe00000,0x00000000ebe00000,0x00000000ecd80000)
  from space 2560K, 99% used [0x00000000ecd80000,0x00000000ecffda38,0x00000000ed000000)
  to   space 7168K, 0% used [0x00000000ee400000,0x00000000ee400000,0x00000000eeb00000)
 ParOldGen       total 40960K, used 11258K [0x00000000c3a00000, 0x00000000c6200000, 0x00000000ebe00000)
  object space 40960K, 27% used [0x00000000c3a00000,0x00000000c44fe818,0x00000000c6200000)
 PSPermGen       total 21504K, used 21102K [0x00000000be800000, 0x00000000bfd00000, 0x00000000c3a00000)
  object space 21504K, 98% used [0x00000000be800000,0x00000000bfc9b9a0,0x00000000bfd00000)
}
Event: 173,302 GC heap before
{Heap before GC invocations=6 (full 0):
 PSYoungGen      total 18432K, used 18422K [0x00000000ebe00000, 0x00000000eeb00000, 0x0000000100000000)
  eden space 15872K, 100% used [0x00000000ebe00000,0x00000000ecd80000,0x00000000ecd80000)
  from space 2560K, 99% used [0x00000000ecd80000,0x00000000ecffda38,0x00000000ed000000)
  to   space 7168K, 0% used [0x00000000ee400000,0x00000000ee400000,0x00000000eeb00000)
 ParOldGen       total 40960K, used 11258K [0x00000000c3a00000, 0x00000000c6200000, 0x00000000ebe00000)
  object space 40960K, 27% used [0x00000000c3a00000,0x00000000c44fe818,0x00000000c6200000)
 PSPermGen       total 24064K, used 23805K [0x00000000be800000, 0x00000000bff80000, 0x00000000c3a00000)
  object space 24064K, 98% used [0x00000000be800000,0x00000000bff3f790,0x00000000bff80000)
Event: 173,364 GC heap after
Heap after GC invocations=6 (full 0):
 PSYoungGen      total 38912K, used 5653K [0x00000000ebe00000, 0x00000000eeb00000, 0x0000000100000000)
  eden space 31744K, 0% used [0x00000000ebe00000,0x00000000ebe00000,0x00000000edd00000)
  from space 7168K, 78% used [0x00000000ee400000,0x00000000ee985490,0x00000000eeb00000)
  to   space 7168K, 0% used [0x00000000edd00000,0x00000000edd00000,0x00000000ee400000)
 ParOldGen       total 40960K, used 11258K [0x00000000c3a00000, 0x00000000c6200000, 0x00000000ebe00000)
  object space 40960K, 27% used [0x00000000c3a00000,0x00000000c44fe818,0x00000000c6200000)
 PSPermGen       total 24064K, used 23805K [0x00000000be800000, 0x00000000bff80000, 0x00000000c3a00000)
  object space 24064K, 98% used [0x00000000be800000,0x00000000bff3f790,0x00000000bff80000)
}

